{"contracts\\Bloodbank.sol":{"l":{"81":3,"86":0,"87":0,"88":0,"100":0,"101":0,"102":0,"103":0,"104":0,"105":0,"106":0,"107":0,"108":0,"109":0,"110":0,"111":0,"125":0,"126":0,"140":0,"141":0,"142":0,"143":0,"144":0,"152":0,"153":0,"154":0,"155":0,"160":0,"161":0,"166":0,"167":0,"183":0,"184":0,"185":0,"186":0,"187":0,"188":0,"189":0,"190":0,"191":0,"192":0,"193":0,"194":0,"195":0,"196":0,"197":0,"198":0,"199":0,"200":0,"218":0,"219":0,"235":0,"236":0,"237":0,"238":0,"243":0,"244":0,"245":0,"247":0},"path":"C:\\Users\\Acer\\Desktop\\Contract-1\\contracts\\Bloodbank.sol","s":{"1":3,"2":0,"3":0,"4":0,"5":0,"6":0,"7":0,"8":0,"9":0,"10":0,"11":0,"12":0,"13":0,"14":0,"15":0,"16":0,"17":0,"18":0,"19":0,"20":0,"21":0,"22":0,"23":0,"24":0,"25":0,"26":0,"27":0,"28":0,"29":0,"30":0,"31":0,"32":0,"33":0,"34":0,"35":0,"36":0,"37":0,"38":0,"39":0,"40":0,"41":0,"42":0,"43":0,"44":0,"45":0,"46":0,"47":0,"48":0,"49":0,"50":0,"51":0,"52":0,"53":0,"54":0,"55":0},"b":{"1":[0,0],"2":[0,0],"3":[0,0],"4":[0,0],"5":[0,0],"6":[0,0]},"f":{"1":3,"2":0,"3":0,"4":0,"5":0,"6":0,"7":0,"8":0,"9":0,"10":0,"11":0,"12":0},"fnMap":{"1":{"name":"constructor","line":80,"loc":{"start":{"line":80,"column":8},"end":{"line":82,"column":11}}},"2":{"name":"onlyAdmin","line":85,"loc":{"start":{"line":85,"column":11},"end":{"line":89,"column":11}}},"3":{"name":"NewBank","line":99,"loc":{"start":{"line":92,"column":10},"end":{"line":112,"column":8}}},"4":{"name":"ViewBank","line":117,"loc":{"start":{"line":115,"column":10},"end":{"line":135,"column":8}}},"5":{"name":"BookSlot","line":138,"loc":{"start":{"line":138,"column":9},"end":{"line":145,"column":10}}},"6":{"name":"GrantRequest","line":151,"loc":{"start":{"line":149,"column":9},"end":{"line":156,"column":10}}},"7":{"name":"ReduceStock","line":159,"loc":{"start":{"line":159,"column":9},"end":{"line":162,"column":9}}},"8":{"name":"IncreaseStock","line":165,"loc":{"start":{"line":165,"column":9},"end":{"line":168,"column":9}}},"9":{"name":"RegisterDonor","line":172,"loc":{"start":{"line":172,"column":8},"end":{"line":201,"column":14}}},"10":{"name":"ViewDonor","line":204,"loc":{"start":{"line":204,"column":8},"end":{"line":231,"column":10}}},"11":{"name":"RequestBlood","line":234,"loc":{"start":{"line":234,"column":10},"end":{"line":239,"column":10}}},"12":{"name":"viewStock","line":242,"loc":{"start":{"line":242,"column":12},"end":{"line":248,"column":12}}}},"statementMap":{"1":{"start":{"line":81,"column":12},"end":{"line":81,"column":29}},"2":{"start":{"line":86,"column":15},"end":{"line":86,"column":40}},"3":{"start":{"line":87,"column":15},"end":{"line":87,"column":89}},"4":{"start":{"line":100,"column":12},"end":{"line":100,"column":91}},"5":{"start":{"line":102,"column":12},"end":{"line":102,"column":52}},"6":{"start":{"line":103,"column":12},"end":{"line":103,"column":34}},"7":{"start":{"line":104,"column":12},"end":{"line":104,"column":26}},"8":{"start":{"line":105,"column":12},"end":{"line":105,"column":28}},"9":{"start":{"line":106,"column":12},"end":{"line":106,"column":28}},"10":{"start":{"line":107,"column":12},"end":{"line":107,"column":30}},"11":{"start":{"line":108,"column":12},"end":{"line":108,"column":34}},"12":{"start":{"line":109,"column":12},"end":{"line":109,"column":26}},"13":{"start":{"line":110,"column":12},"end":{"line":110,"column":27}},"14":{"start":{"line":111,"column":12},"end":{"line":111,"column":44}},"15":{"start":{"line":125,"column":12},"end":{"line":125,"column":37}},"16":{"start":{"line":126,"column":12},"end":{"line":126,"column":4094}},"17":{"start":{"line":140,"column":14},"end":{"line":140,"column":99}},"18":{"start":{"line":141,"column":14},"end":{"line":141,"column":42}},"19":{"start":{"line":142,"column":14},"end":{"line":142,"column":41}},"20":{"start":{"line":143,"column":14},"end":{"line":143,"column":37}},"21":{"start":{"line":144,"column":14},"end":{"line":144,"column":62}},"22":{"start":{"line":152,"column":14},"end":{"line":152,"column":48}},"23":{"start":{"line":153,"column":14},"end":{"line":153,"column":65}},"24":{"start":{"line":154,"column":14},"end":{"line":154,"column":39}},"25":{"start":{"line":155,"column":15},"end":{"line":155,"column":67}},"26":{"start":{"line":160,"column":13},"end":{"line":160,"column":56}},"27":{"start":{"line":161,"column":14},"end":{"line":161,"column":78}},"28":{"start":{"line":166,"column":13},"end":{"line":166,"column":56}},"29":{"start":{"line":167,"column":13},"end":{"line":167,"column":77}},"30":{"start":{"line":183,"column":18},"end":{"line":183,"column":85}},"31":{"start":{"line":184,"column":18},"end":{"line":184,"column":81}},"32":{"start":{"line":186,"column":18},"end":{"line":186,"column":36}},"33":{"start":{"line":187,"column":18},"end":{"line":187,"column":47}},"34":{"start":{"line":188,"column":18},"end":{"line":188,"column":39}},"35":{"start":{"line":189,"column":18},"end":{"line":189,"column":35}},"36":{"start":{"line":190,"column":18},"end":{"line":190,"column":35}},"37":{"start":{"line":191,"column":18},"end":{"line":191,"column":35}},"38":{"start":{"line":192,"column":18},"end":{"line":192,"column":41}},"39":{"start":{"line":193,"column":18},"end":{"line":193,"column":33}},"40":{"start":{"line":194,"column":18},"end":{"line":194,"column":39}},"41":{"start":{"line":195,"column":18},"end":{"line":195,"column":43}},"42":{"start":{"line":196,"column":18},"end":{"line":196,"column":37}},"43":{"start":{"line":197,"column":18},"end":{"line":197,"column":66}},"44":{"start":{"line":198,"column":18},"end":{"line":198,"column":34}},"45":{"start":{"line":199,"column":18},"end":{"line":199,"column":41}},"46":{"start":{"line":200,"column":17},"end":{"line":200,"column":81}},"47":{"start":{"line":218,"column":21},"end":{"line":218,"column":47}},"48":{"start":{"line":219,"column":12},"end":{"line":219,"column":8053}},"49":{"start":{"line":236,"column":14},"end":{"line":236,"column":80}},"50":{"start":{"line":237,"column":14},"end":{"line":237,"column":36}},"51":{"start":{"line":238,"column":15},"end":{"line":238,"column":85}},"52":{"start":{"line":243,"column":16},"end":{"line":243,"column":35}},"53":{"start":{"line":244,"column":16},"end":{"line":244,"column":9114}},"54":{"start":{"line":245,"column":19},"end":{"line":245,"column":53}},"55":{"start":{"line":247,"column":12},"end":{"line":247,"column":20}}},"branchMap":{"1":{"line":87,"type":"if","locations":[{"start":{"line":87,"column":15},"end":{"line":87,"column":15}},{"start":{"line":87,"column":15},"end":{"line":87,"column":15}}]},"2":{"line":100,"type":"if","locations":[{"start":{"line":100,"column":12},"end":{"line":100,"column":12}},{"start":{"line":100,"column":12},"end":{"line":100,"column":12}}]},"3":{"line":140,"type":"if","locations":[{"start":{"line":140,"column":14},"end":{"line":140,"column":14}},{"start":{"line":140,"column":14},"end":{"line":140,"column":14}}]},"4":{"line":153,"type":"if","locations":[{"start":{"line":153,"column":14},"end":{"line":153,"column":14}},{"start":{"line":153,"column":14},"end":{"line":153,"column":14}}]},"5":{"line":183,"type":"if","locations":[{"start":{"line":183,"column":18},"end":{"line":183,"column":18}},{"start":{"line":183,"column":18},"end":{"line":183,"column":18}}]},"6":{"line":184,"type":"if","locations":[{"start":{"line":184,"column":18},"end":{"line":184,"column":18}},{"start":{"line":184,"column":18},"end":{"line":184,"column":18}}]}}}}