{"contracts\\Bloodbank.sol":{"l":{"98":4,"103":12,"104":12,"108":10,"112":15,"113":15,"114":140,"115":140,"117":15,"118":13,"121":8,"122":8,"123":20,"124":20,"126":8,"127":6,"138":5,"139":3,"143":1,"144":1,"145":1,"146":1,"147":1,"148":1,"149":1,"150":1,"151":1,"152":1,"153":1,"171":0,"172":0,"189":3,"193":1,"194":1,"195":1,"196":1,"202":0,"203":0,"204":0,"205":0,"213":1,"214":1,"222":1,"223":1,"238":6,"239":4,"240":2,"241":2,"242":2,"243":2,"244":2,"245":2,"246":2,"247":2,"248":2,"249":2,"250":2,"251":2,"252":2,"253":2,"254":2,"255":2,"276":0,"277":0,"298":1,"299":1,"300":1,"301":1,"302":1,"307":0,"308":0,"309":0,"311":0},"path":"C:\\Users\\Acer\\Desktop\\Contract-1\\contracts\\Bloodbank.sol","s":{"1":4,"2":12,"3":12,"4":15,"5":15,"6":140,"7":15,"8":8,"9":8,"10":20,"11":8,"12":5,"13":3,"14":1,"15":1,"16":1,"17":1,"18":1,"19":1,"20":1,"21":1,"22":1,"23":1,"24":0,"25":0,"26":3,"27":1,"28":1,"29":1,"30":1,"31":0,"32":0,"33":0,"34":0,"35":1,"36":1,"37":1,"38":1,"39":6,"40":4,"41":2,"42":2,"43":2,"44":2,"45":2,"46":2,"47":2,"48":2,"49":2,"50":2,"51":2,"52":2,"53":2,"54":2,"55":2,"56":0,"57":0,"58":1,"59":1,"60":1,"61":1,"62":0,"63":0,"64":0,"65":0},"b":{"1":[10,2],"2":[13,2],"3":[6,2],"4":[3,2],"5":[1,2],"6":[1,2],"7":[0,0],"8":[4,2],"9":[2,2]},"f":{"1":4,"2":12,"3":15,"4":8,"5":5,"6":0,"7":3,"8":0,"9":1,"10":1,"11":6,"12":0,"13":1,"14":0},"fnMap":{"1":{"name":"constructor","line":97,"loc":{"start":{"line":97,"column":4},"end":{"line":99,"column":4}}},"2":{"name":"onlyAdmin","line":102,"loc":{"start":{"line":102,"column":4},"end":{"line":109,"column":4}}},"3":{"name":"validContact","line":111,"loc":{"start":{"line":111,"column":5},"end":{"line":119,"column":3}}},"4":{"name":"validAge","line":120,"loc":{"start":{"line":120,"column":4},"end":{"line":128,"column":3}}},"5":{"name":"NewBank","line":137,"loc":{"start":{"line":131,"column":4},"end":{"line":154,"column":4}}},"6":{"name":"ViewBank","line":160,"loc":{"start":{"line":157,"column":4},"end":{"line":181,"column":4}}},"7":{"name":"BookSlot","line":186,"loc":{"start":{"line":184,"column":4},"end":{"line":197,"column":4}}},"8":{"name":"GrantRequest","line":200,"loc":{"start":{"line":200,"column":4},"end":{"line":206,"column":4}}},"9":{"name":"ReduceStock","line":212,"loc":{"start":{"line":209,"column":4},"end":{"line":215,"column":4}}},"10":{"name":"IncreaseStock","line":221,"loc":{"start":{"line":218,"column":4},"end":{"line":224,"column":4}}},"11":{"name":"RegisterDonor","line":237,"loc":{"start":{"line":227,"column":4},"end":{"line":256,"column":4}}},"12":{"name":"ViewDonor","line":259,"loc":{"start":{"line":259,"column":4},"end":{"line":290,"column":4}}},"13":{"name":"RequestBlood","line":293,"loc":{"start":{"line":293,"column":4},"end":{"line":303,"column":4}}},"14":{"name":"viewStock","line":306,"loc":{"start":{"line":306,"column":4},"end":{"line":312,"column":4}}}},"statementMap":{"1":{"start":{"line":98,"column":8},"end":{"line":98,"column":25}},"2":{"start":{"line":103,"column":8},"end":{"line":103,"column":33}},"3":{"start":{"line":104,"column":8},"end":{"line":104,"column":2510}},"4":{"start":{"line":112,"column":4},"end":{"line":112,"column":20}},"5":{"start":{"line":113,"column":4},"end":{"line":113,"column":2724}},"6":{"start":{"line":114,"column":8},"end":{"line":114,"column":21}},"7":{"start":{"line":117,"column":4},"end":{"line":117,"column":57}},"8":{"start":{"line":121,"column":4},"end":{"line":121,"column":20}},"9":{"start":{"line":122,"column":4},"end":{"line":122,"column":2939}},"10":{"start":{"line":123,"column":8},"end":{"line":123,"column":17}},"11":{"start":{"line":126,"column":4},"end":{"line":126,"column":48}},"12":{"start":{"line":138,"column":8},"end":{"line":138,"column":70}},"13":{"start":{"line":139,"column":8},"end":{"line":139,"column":3411}},"14":{"start":{"line":144,"column":8},"end":{"line":144,"column":48}},"15":{"start":{"line":145,"column":8},"end":{"line":145,"column":30}},"16":{"start":{"line":146,"column":8},"end":{"line":146,"column":22}},"17":{"start":{"line":147,"column":8},"end":{"line":147,"column":24}},"18":{"start":{"line":148,"column":8},"end":{"line":148,"column":24}},"19":{"start":{"line":149,"column":8},"end":{"line":149,"column":26}},"20":{"start":{"line":150,"column":8},"end":{"line":150,"column":30}},"21":{"start":{"line":151,"column":8},"end":{"line":151,"column":22}},"22":{"start":{"line":152,"column":8},"end":{"line":152,"column":23}},"23":{"start":{"line":153,"column":8},"end":{"line":153,"column":49}},"24":{"start":{"line":171,"column":8},"end":{"line":171,"column":33}},"25":{"start":{"line":172,"column":8},"end":{"line":172,"column":4268}},"26":{"start":{"line":189,"column":8},"end":{"line":189,"column":4816}},"27":{"start":{"line":193,"column":8},"end":{"line":193,"column":37}},"28":{"start":{"line":194,"column":8},"end":{"line":194,"column":27}},"29":{"start":{"line":195,"column":8},"end":{"line":195,"column":33}},"30":{"start":{"line":196,"column":8},"end":{"line":196,"column":55}},"31":{"start":{"line":202,"column":8},"end":{"line":202,"column":42}},"32":{"start":{"line":203,"column":8},"end":{"line":203,"column":60}},"33":{"start":{"line":204,"column":8},"end":{"line":204,"column":33}},"34":{"start":{"line":205,"column":8},"end":{"line":205,"column":61}},"35":{"start":{"line":213,"column":8},"end":{"line":213,"column":57}},"36":{"start":{"line":214,"column":8},"end":{"line":214,"column":73}},"37":{"start":{"line":222,"column":8},"end":{"line":222,"column":57}},"38":{"start":{"line":223,"column":8},"end":{"line":223,"column":73}},"39":{"start":{"line":238,"column":8},"end":{"line":238,"column":78}},"40":{"start":{"line":239,"column":8},"end":{"line":239,"column":67}},"41":{"start":{"line":241,"column":8},"end":{"line":241,"column":26}},"42":{"start":{"line":242,"column":8},"end":{"line":242,"column":37}},"43":{"start":{"line":243,"column":8},"end":{"line":243,"column":29}},"44":{"start":{"line":244,"column":8},"end":{"line":244,"column":23}},"45":{"start":{"line":245,"column":8},"end":{"line":245,"column":25}},"46":{"start":{"line":246,"column":8},"end":{"line":246,"column":25}},"47":{"start":{"line":247,"column":8},"end":{"line":247,"column":31}},"48":{"start":{"line":248,"column":8},"end":{"line":248,"column":23}},"49":{"start":{"line":249,"column":8},"end":{"line":249,"column":29}},"50":{"start":{"line":250,"column":8},"end":{"line":250,"column":33}},"51":{"start":{"line":251,"column":8},"end":{"line":251,"column":27}},"52":{"start":{"line":252,"column":8},"end":{"line":252,"column":56}},"53":{"start":{"line":253,"column":8},"end":{"line":253,"column":24}},"54":{"start":{"line":254,"column":8},"end":{"line":254,"column":31}},"55":{"start":{"line":255,"column":8},"end":{"line":255,"column":74}},"56":{"start":{"line":276,"column":8},"end":{"line":276,"column":34}},"57":{"start":{"line":277,"column":8},"end":{"line":277,"column":7634}},"58":{"start":{"line":299,"column":8},"end":{"line":299,"column":80}},"59":{"start":{"line":300,"column":8},"end":{"line":300,"column":38}},"60":{"start":{"line":301,"column":8},"end":{"line":301,"column":30}},"61":{"start":{"line":302,"column":8},"end":{"line":302,"column":79}},"62":{"start":{"line":307,"column":8},"end":{"line":307,"column":27}},"63":{"start":{"line":308,"column":8},"end":{"line":308,"column":8589}},"64":{"start":{"line":309,"column":12},"end":{"line":309,"column":46}},"65":{"start":{"line":311,"column":8},"end":{"line":311,"column":16}}},"branchMap":{"1":{"line":104,"type":"if","locations":[{"start":{"line":104,"column":8},"end":{"line":104,"column":8}},{"start":{"line":104,"column":8},"end":{"line":104,"column":8}}]},"2":{"line":117,"type":"if","locations":[{"start":{"line":117,"column":4},"end":{"line":117,"column":4}},{"start":{"line":117,"column":4},"end":{"line":117,"column":4}}]},"3":{"line":126,"type":"if","locations":[{"start":{"line":126,"column":4},"end":{"line":126,"column":4}},{"start":{"line":126,"column":4},"end":{"line":126,"column":4}}]},"4":{"line":138,"type":"if","locations":[{"start":{"line":138,"column":8},"end":{"line":138,"column":8}},{"start":{"line":138,"column":8},"end":{"line":138,"column":8}}]},"5":{"line":139,"type":"if","locations":[{"start":{"line":139,"column":8},"end":{"line":139,"column":8}},{"start":{"line":139,"column":8},"end":{"line":139,"column":8}}]},"6":{"line":189,"type":"if","locations":[{"start":{"line":189,"column":8},"end":{"line":189,"column":8}},{"start":{"line":189,"column":8},"end":{"line":189,"column":8}}]},"7":{"line":203,"type":"if","locations":[{"start":{"line":203,"column":8},"end":{"line":203,"column":8}},{"start":{"line":203,"column":8},"end":{"line":203,"column":8}}]},"8":{"line":238,"type":"if","locations":[{"start":{"line":238,"column":8},"end":{"line":238,"column":8}},{"start":{"line":238,"column":8},"end":{"line":238,"column":8}}]},"9":{"line":239,"type":"if","locations":[{"start":{"line":239,"column":8},"end":{"line":239,"column":8}},{"start":{"line":239,"column":8},"end":{"line":239,"column":8}}]}}}}