{
"contracts\\Bloodbank.sol":{"l":{"98":4,"103":7,"104":7,"108":5,"111":8,"112":8,"116":6,"120":15,"121":15,"122":140,"123":140,"125":15,"126":13,"129":8,"130":8,"131":20,"132":20,"134":8,"135":6,"146":5,"147":3,"151":1,"152":1,"153":1,"154":1,"155":1,"156":1,"157":1,"158":1,"159":1,"160":1,"161":1,"179":0,"180":0,"197":3,"201":1,"202":1,"203":1,"204":1,"212":6,"213":4,"214":4,"215":4,"216":4,"229":1,"230":1,"238":1,"239":1,"247":1,"248":1,"263":6,"264":4,"265":2,"266":2,"267":2,"268":2,"269":2,"270":2,"271":2,"272":2,"273":2,"274":2,"275":2,"276":2,"277":2,"278":2,"279":2,"280":2,"301":0,"302":0,"320":0,"321":0,"322":0,"324":0},"path":"C:\\Users\\Acer\\Desktop\\Contract-1\\contracts\\Bloodbank.sol","s":{"1":4,"2":7,"3":7,"4":8,"5":8,"6":15,"7":15,"8":140,"9":15,"10":8,"11":8,"12":20,"13":8,"14":5,"15":3,"16":1,"17":1,"18":1,"19":1,"20":1,"21":1,"22":1,"23":1,"24":1,"25":1,"26":0,"27":0,"28":3,"29":1,"30":1,"31":1,"32":1,"33":6,"34":4,"35":4,"36":4,"37":1,"38":1,"39":1,"40":1,"41":1,"42":1,"43":6,"44":4,"45":2,"46":2,"47":2,"48":2,"49":2,"50":2,"51":2,"52":2,"53":2,"54":2,"55":2,"56":2,"57":2,"58":2,"59":2,"60":0,"61":0,"62":0,"63":0,"64":0,"65":0},"b":{"1":[5,2],"2":[6,2],"3":[13,2],"4":[6,2],"5":[3,2],"6":[1,2],"7":[1,2],"8":[4,2],"9":[4,2],"10":[2,2]},"f":{"1":4,"2":7,"3":8,"4":15,"5":8,"6":5,"7":0,"8":3,"9":6,"10":1,"11":1,"12":1,"13":6,"14":0,"15":0},"fnMap":{"1":{"name":"constructor","line":97,"loc":{"start":{"line":97,"column":4},"end":{"line":99,"column":4}}},"2":{"name":"onlyAdminOwner","line":102,"loc":{"start":{"line":102,"column":4},"end":{"line":109,"column":4}}},"3":{"name":"onlyAdmin","line":110,"loc":{"start":{"line":110,"column":1},"end":{"line":117,"column":4}}},"4":{"name":"validContact","line":119,"loc":{"start":{"line":119,"column":5},"end":{"line":127,"column":3}}},"5":{"name":"validAge","line":128,"loc":{"start":{"line":128,"column":4},"end":{"line":136,"column":3}}},"6":{"name":"NewBank","line":145,"loc":{"start":{"line":139,"column":4},"end":{"line":162,"column":4}}},"7":{"name":"ViewBank","line":168,"loc":{"start":{"line":165,"column":4},"end":{"line":189,"column":4}}},"8":{"name":"BookSlot","line":194,"loc":{"start":{"line":192,"column":4},"end":{"line":205,"column":4}}},"9":{"name":"RequestBlood","line":207,"loc":{"start":{"line":207,"column":4},"end":{"line":217,"column":4}}},"10":{"name":"GrantRequest","line":221,"loc":{"start":{"line":221,"column":4},"end":{"line":231,"column":4}}},"11":{"name":"ReduceStock","line":237,"loc":{"start":{"line":234,"column":4},"end":{"line":240,"column":4}}},"12":{"name":"IncreaseStock","line":246,"loc":{"start":{"line":243,"column":4},"end":{"line":249,"column":4}}},"13":{"name":"RegisterDonor","line":262,"loc":{"start":{"line":252,"column":4},"end":{"line":281,"column":4}}},"14":{"name":"ViewDonor","line":284,"loc":{"start":{"line":284,"column":4},"end":{"line":315,"column":4}}},"15":{"name":"viewStock","line":319,"loc":{"start":{"line":319,"column":4},"end":{"line":325,"column":4}}}},"statementMap":{"1":{"start":{"line":98,"column":8},"end":{"line":98,"column":25}},"2":{"start":{"line":103,"column":8},"end":{"line":103,"column":33}},"3":{"start":{"line":104,"column":8},"end":{"line":104,"column":2515}},"4":{"start":{"line":111,"column":8},"end":{"line":111,"column":33}},"5":{"start":{"line":112,"column":8},"end":{"line":112,"column":2736}},"6":{"start":{"line":120,"column":4},"end":{"line":120,"column":20}},"7":{"start":{"line":121,"column":4},"end":{"line":121,"column":2933}},"8":{"start":{"line":122,"column":8},"end":{"line":122,"column":21}},"9":{"start":{"line":125,"column":4},"end":{"line":125,"column":57}},"10":{"start":{"line":129,"column":4},"end":{"line":129,"column":20}},"11":{"start":{"line":130,"column":4},"end":{"line":130,"column":3148}},"12":{"start":{"line":131,"column":8},"end":{"line":131,"column":17}},"13":{"start":{"line":134,"column":4},"end":{"line":134,"column":48}},"14":{"start":{"line":146,"column":8},"end":{"line":146,"column":70}},"15":{"start":{"line":147,"column":8},"end":{"line":147,"column":3626}},"16":{"start":{"line":152,"column":8},"end":{"line":152,"column":48}},"17":{"start":{"line":153,"column":8},"end":{"line":153,"column":30}},"18":{"start":{"line":154,"column":8},"end":{"line":154,"column":22}},"19":{"start":{"line":155,"column":8},"end":{"line":155,"column":24}},"20":{"start":{"line":156,"column":8},"end":{"line":156,"column":24}},"21":{"start":{"line":157,"column":8},"end":{"line":157,"column":26}},"22":{"start":{"line":158,"column":8},"end":{"line":158,"column":30}},"23":{"start":{"line":159,"column":8},"end":{"line":159,"column":22}},"24":{"start":{"line":160,"column":8},"end":{"line":160,"column":23}},"25":{"start":{"line":161,"column":8},"end":{"line":161,"column":49}},"26":{"start":{"line":179,"column":8},"end":{"line":179,"column":33}},"27":{"start":{"line":180,"column":8},"end":{"line":180,"column":4483}},"28":{"start":{"line":197,"column":8},"end":{"line":197,"column":5031}},"29":{"start":{"line":201,"column":8},"end":{"line":201,"column":37}},"30":{"start":{"line":202,"column":8},"end":{"line":202,"column":27}},"31":{"start":{"line":203,"column":8},"end":{"line":203,"column":33}},"32":{"start":{"line":204,"column":8},"end":{"line":204,"column":55}},"33":{"start":{"line":212,"column":10},"end":{"line":212,"column":69}},"34":{"start":{"line":214,"column":8},"end":{"line":214,"column":80}},"35":{"start":{"line":215,"column":8},"end":{"line":215,"column":30}},"36":{"start":{"line":216,"column":8},"end":{"line":216,"column":79}},"37":{"start":{"line":229,"column":8},"end":{"line":229,"column":33}},"38":{"start":{"line":230,"column":8},"end":{"line":230,"column":61}},"39":{"start":{"line":238,"column":8},"end":{"line":238,"column":57}},"40":{"start":{"line":239,"column":8},"end":{"line":239,"column":73}},"41":{"start":{"line":247,"column":8},"end":{"line":247,"column":57}},"42":{"start":{"line":248,"column":8},"end":{"line":248,"column":73}},"43":{"start":{"line":263,"column":8},"end":{"line":263,"column":78}},"44":{"start":{"line":264,"column":8},"end":{"line":264,"column":67}},"45":{"start":{"line":266,"column":8},"end":{"line":266,"column":26}},"46":{"start":{"line":267,"column":8},"end":{"line":267,"column":37}},"47":{"start":{"line":268,"column":8},"end":{"line":268,"column":29}},"48":{"start":{"line":269,"column":8},"end":{"line":269,"column":23}},"49":{"start":{"line":270,"column":8},"end":{"line":270,"column":25}},"50":{"start":{"line":271,"column":8},"end":{"line":271,"column":25}},"51":{"start":{"line":272,"column":8},"end":{"line":272,"column":31}},"52":{"start":{"line":273,"column":8},"end":{"line":273,"column":23}},"53":{"start":{"line":274,"column":8},"end":{"line":274,"column":29}},"54":{"start":{"line":275,"column":8},"end":{"line":275,"column":33}},"55":{"start":{"line":276,"column":8},"end":{"line":276,"column":27}},"56":{"start":{"line":277,"column":8},"end":{"line":277,"column":56}},"57":{"start":{"line":278,"column":8},"end":{"line":278,"column":24}},"58":{"start":{"line":279,"column":8},"end":{"line":279,"column":31}},"59":{"start":{"line":280,"column":8},"end":{"line":280,"column":74}},"60":{"start":{"line":301,"column":8},"end":{"line":301,"column":34}},"61":{"start":{"line":302,"column":8},"end":{"line":302,"column":8535}},"62":{"start":{"line":320,"column":8},"end":{"line":320,"column":27}},"63":{"start":{"line":321,"column":8},"end":{"line":321,"column":9062}},"64":{"start":{"line":322,"column":12},"end":{"line":322,"column":46}},"65":{"start":{"line":324,"column":8},"end":{"line":324,"column":16}}},"branchMap":{"1":{"line":104,"type":"if","locations":[{"start":{"line":104,"column":8},"end":{"line":104,"column":8}},{"start":{"line":104,"column":8},"end":{"line":104,"column":8}}]},"2":{"line":112,"type":"if","locations":[{"start":{"line":112,"column":8},"end":{"line":112,"column":8}},{"start":{"line":112,"column":8},"end":{"line":112,"column":8}}]},"3":{"line":125,"type":"if","locations":[{"start":{"line":125,"column":4},"end":{"line":125,"column":4}},{"start":{"line":125,"column":4},"end":{"line":125,"column":4}}]},"4":{"line":134,"type":"if","locations":[{"start":{"line":134,"column":4},"end":{"line":134,"column":4}},{"start":{"line":134,"column":4},"end":{"line":134,"column":4}}]},"5":{"line":146,"type":"if","locations":[{"start":{"line":146,"column":8},"end":{"line":146,"column":8}},{"start":{"line":146,"column":8},"end":{"line":146,"column":8}}]},"6":{"line":147,"type":"if","locations":[{"start":{"line":147,"column":8},"end":{"line":147,"column":8}},{"start":{"line":147,"column":8},"end":{"line":147,"column":8}}]},"7":{"line":197,"type":"if","locations":[{"start":{"line":197,"column":8},"end":{"line":197,"column":8}},{"start":{"line":197,"column":8},"end":{"line":197,"column":8}}]},"8":{"line":212,"type":"if","locations":[{"start":{"line":212,"column":10},"end":{"line":212,"column":10}},{"start":{"line":212,"column":10},"end":{"line":212,"column":10}}]},"9":{"line":263,"type":"if","locations":[{"start":{"line":263,"column":8},"end":{"line":263,"column":8}},{"start":{"line":263,"column":8},"end":{"line":263,"column":8}}]},"10":{"line":264,"type":"if","locations":[{"start":{"line":264,"column":8},"end":{"line":264,"column":8}},{"start":{"line":264,"column":8},"end":{"line":264,"column":8}}]}}}}
