{
"contracts\\Bloodbank.sol":{"l":{"97":4,"102":7,"103":7,"107":5,"111":14,"112":14,"113":130,"114":130,"116":14,"117":12,"120":7,"121":7,"122":18,"123":18,"125":7,"126":5,"137":5,"138":3,"142":1,"143":1,"144":1,"145":1,"146":1,"147":1,"148":1,"149":1,"150":1,"151":1,"152":1,"170":0,"171":0,"188":0,"192":0,"193":0,"194":0,"200":0,"201":0,"202":0,"203":0,"211":0,"212":0,"220":0,"221":0,"236":5,"237":3,"238":1,"239":1,"240":1,"241":1,"242":1,"243":1,"244":1,"245":1,"246":1,"247":1,"248":1,"249":1,"250":1,"251":1,"252":1,"253":1,"274":0,"275":0,"296":0,"297":0,"298":0,"299":0,"304":0,"305":0,"306":0,"308":0},"path":"C:\\Users\\Acer\\Desktop\\Contract-1\\contracts\\Bloodbank.sol","s":{"1":4,"2":7,"3":7,"4":14,"5":14,"6":130,"7":14,"8":7,"9":7,"10":18,"11":7,"12":5,"13":3,"14":1,"15":1,"16":1,"17":1,"18":1,"19":1,"20":1,"21":1,"22":1,"23":1,"24":0,"25":0,"26":0,"27":0,"28":0,"29":0,"30":0,"31":0,"32":0,"33":0,"34":0,"35":0,"36":0,"37":0,"38":5,"39":3,"40":1,"41":1,"42":1,"43":1,"44":1,"45":1,"46":1,"47":1,"48":1,"49":1,"50":1,"51":1,"52":1,"53":1,"54":1,"55":0,"56":0,"57":0,"58":0,"59":0,"60":0,"61":0,"62":0,"63":0},"b":{"1":[5,2],"2":[12,2],"3":[5,2],"4":[3,2],"5":[1,2],"6":[0,0],"7":[0,0],"8":[3,2],"9":[1,2]},"f":{"1":4,"2":7,"3":14,"4":7,"5":5,"6":0,"7":0,"8":0,"9":0,"10":0,"11":5,"12":0,"13":0,"14":0},"fnMap":{"1":{"name":"constructor","line":96,"loc":{"start":{"line":96,"column":4},"end":{"line":98,"column":4}}},"2":{"name":"onlyAdmin","line":101,"loc":{"start":{"line":101,"column":4},"end":{"line":108,"column":4}}},"3":{"name":"validContact","line":110,"loc":{"start":{"line":110,"column":5},"end":{"line":118,"column":3}}},"4":{"name":"validAge","line":119,"loc":{"start":{"line":119,"column":4},"end":{"line":127,"column":3}}},"5":{"name":"NewBank","line":136,"loc":{"start":{"line":130,"column":4},"end":{"line":153,"column":4}}},"6":{"name":"ViewBank","line":159,"loc":{"start":{"line":156,"column":4},"end":{"line":180,"column":4}}},"7":{"name":"BookSlot","line":185,"loc":{"start":{"line":183,"column":4},"end":{"line":195,"column":4}}},"8":{"name":"GrantRequest","line":198,"loc":{"start":{"line":198,"column":4},"end":{"line":204,"column":4}}},"9":{"name":"ReduceStock","line":210,"loc":{"start":{"line":207,"column":4},"end":{"line":213,"column":4}}},"10":{"name":"IncreaseStock","line":219,"loc":{"start":{"line":216,"column":4},"end":{"line":222,"column":4}}},"11":{"name":"RegisterDonor","line":235,"loc":{"start":{"line":225,"column":4},"end":{"line":254,"column":4}}},"12":{"name":"ViewDonor","line":257,"loc":{"start":{"line":257,"column":4},"end":{"line":288,"column":4}}},"13":{"name":"RequestBlood","line":291,"loc":{"start":{"line":291,"column":4},"end":{"line":300,"column":4}}},"14":{"name":"viewStock","line":303,"loc":{"start":{"line":303,"column":4},"end":{"line":309,"column":4}}}},"statementMap":{"1":{"start":{"line":97,"column":8},"end":{"line":97,"column":25}},"2":{"start":{"line":102,"column":8},"end":{"line":102,"column":33}},"3":{"start":{"line":103,"column":8},"end":{"line":103,"column":2489}},"4":{"start":{"line":111,"column":4},"end":{"line":111,"column":20}},"5":{"start":{"line":112,"column":4},"end":{"line":112,"column":2703}},"6":{"start":{"line":113,"column":8},"end":{"line":113,"column":21}},"7":{"start":{"line":116,"column":4},"end":{"line":116,"column":57}},"8":{"start":{"line":120,"column":4},"end":{"line":120,"column":20}},"9":{"start":{"line":121,"column":4},"end":{"line":121,"column":2918}},"10":{"start":{"line":122,"column":8},"end":{"line":122,"column":17}},"11":{"start":{"line":125,"column":4},"end":{"line":125,"column":48}},"12":{"start":{"line":137,"column":8},"end":{"line":137,"column":70}},"13":{"start":{"line":138,"column":8},"end":{"line":138,"column":3390}},"14":{"start":{"line":143,"column":8},"end":{"line":143,"column":48}},"15":{"start":{"line":144,"column":8},"end":{"line":144,"column":30}},"16":{"start":{"line":145,"column":8},"end":{"line":145,"column":22}},"17":{"start":{"line":146,"column":8},"end":{"line":146,"column":24}},"18":{"start":{"line":147,"column":8},"end":{"line":147,"column":24}},"19":{"start":{"line":148,"column":8},"end":{"line":148,"column":26}},"20":{"start":{"line":149,"column":8},"end":{"line":149,"column":30}},"21":{"start":{"line":150,"column":8},"end":{"line":150,"column":22}},"22":{"start":{"line":151,"column":8},"end":{"line":151,"column":23}},"23":{"start":{"line":152,"column":8},"end":{"line":152,"column":49}},"24":{"start":{"line":170,"column":8},"end":{"line":170,"column":33}},"25":{"start":{"line":171,"column":8},"end":{"line":171,"column":4247}},"26":{"start":{"line":188,"column":8},"end":{"line":188,"column":4795}},"27":{"start":{"line":192,"column":8},"end":{"line":192,"column":37}},"28":{"start":{"line":193,"column":8},"end":{"line":193,"column":33}},"29":{"start":{"line":194,"column":8},"end":{"line":194,"column":55}},"30":{"start":{"line":200,"column":8},"end":{"line":200,"column":42}},"31":{"start":{"line":201,"column":8},"end":{"line":201,"column":60}},"32":{"start":{"line":202,"column":8},"end":{"line":202,"column":33}},"33":{"start":{"line":203,"column":8},"end":{"line":203,"column":61}},"34":{"start":{"line":211,"column":8},"end":{"line":211,"column":57}},"35":{"start":{"line":212,"column":8},"end":{"line":212,"column":73}},"36":{"start":{"line":220,"column":8},"end":{"line":220,"column":57}},"37":{"start":{"line":221,"column":8},"end":{"line":221,"column":73}},"38":{"start":{"line":236,"column":8},"end":{"line":236,"column":78}},"39":{"start":{"line":237,"column":8},"end":{"line":237,"column":67}},"40":{"start":{"line":239,"column":8},"end":{"line":239,"column":26}},"41":{"start":{"line":240,"column":8},"end":{"line":240,"column":37}},"42":{"start":{"line":241,"column":8},"end":{"line":241,"column":29}},"43":{"start":{"line":242,"column":8},"end":{"line":242,"column":23}},"44":{"start":{"line":243,"column":8},"end":{"line":243,"column":25}},"45":{"start":{"line":244,"column":8},"end":{"line":244,"column":25}},"46":{"start":{"line":245,"column":8},"end":{"line":245,"column":31}},"47":{"start":{"line":246,"column":8},"end":{"line":246,"column":23}},"48":{"start":{"line":247,"column":8},"end":{"line":247,"column":29}},"49":{"start":{"line":248,"column":8},"end":{"line":248,"column":33}},"50":{"start":{"line":249,"column":8},"end":{"line":249,"column":27}},"51":{"start":{"line":250,"column":8},"end":{"line":250,"column":56}},"52":{"start":{"line":251,"column":8},"end":{"line":251,"column":24}},"53":{"start":{"line":252,"column":8},"end":{"line":252,"column":31}},"54":{"start":{"line":253,"column":8},"end":{"line":253,"column":74}},"55":{"start":{"line":274,"column":8},"end":{"line":274,"column":34}},"56":{"start":{"line":275,"column":8},"end":{"line":275,"column":7580}},"57":{"start":{"line":297,"column":8},"end":{"line":297,"column":78}},"58":{"start":{"line":298,"column":8},"end":{"line":298,"column":30}},"59":{"start":{"line":299,"column":8},"end":{"line":299,"column":79}},"60":{"start":{"line":304,"column":8},"end":{"line":304,"column":27}},"61":{"start":{"line":305,"column":8},"end":{"line":305,"column":8491}},"62":{"start":{"line":306,"column":12},"end":{"line":306,"column":46}},"63":{"start":{"line":308,"column":8},"end":{"line":308,"column":16}}},"branchMap":{"1":{"line":103,"type":"if","locations":[{"start":{"line":103,"column":8},"end":{"line":103,"column":8}},{"start":{"line":103,"column":8},"end":{"line":103,"column":8}}]},"2":{"line":116,"type":"if","locations":[{"start":{"line":116,"column":4},"end":{"line":116,"column":4}},{"start":{"line":116,"column":4},"end":{"line":116,"column":4}}]},"3":{"line":125,"type":"if","locations":[{"start":{"line":125,"column":4},"end":{"line":125,"column":4}},{"start":{"line":125,"column":4},"end":{"line":125,"column":4}}]},"4":{"line":137,"type":"if","locations":[{"start":{"line":137,"column":8},"end":{"line":137,"column":8}},{"start":{"line":137,"column":8},"end":{"line":137,"column":8}}]},"5":{"line":138,"type":"if","locations":[{"start":{"line":138,"column":8},"end":{"line":138,"column":8}},{"start":{"line":138,"column":8},"end":{"line":138,"column":8}}]},"6":{"line":188,"type":"if","locations":[{"start":{"line":188,"column":8},"end":{"line":188,"column":8}},{"start":{"line":188,"column":8},"end":{"line":188,"column":8}}]},"7":{"line":201,"type":"if","locations":[{"start":{"line":201,"column":8},"end":{"line":201,"column":8}},{"start":{"line":201,"column":8},"end":{"line":201,"column":8}}]},"8":{"line":236,"type":"if","locations":[{"start":{"line":236,"column":8},"end":{"line":236,"column":8}},{"start":{"line":236,"column":8},"end":{"line":236,"column":8}}]},"9":{"line":237,"type":"if","locations":[{"start":{"line":237,"column":8},"end":{"line":237,"column":8}},{"start":{"line":237,"column":8},"end":{"line":237,"column":8}}]}}}}
