TN:
SF:C:\Users\Acer\Desktop\Contract-1\contracts\Bloodbank.sol
FN:96,constructor
FN:101,onlyAdmin
FN:110,validContact
FN:119,validAge
FN:136,NewBank
FN:159,ViewBank
FN:185,BookSlot
FN:198,GrantRequest
FN:210,ReduceStock
FN:219,IncreaseStock
FN:235,RegisterDonor
FN:257,ViewDonor
FN:291,RequestBlood
FN:303,viewStock
FNF:14
FNH:6
FNDA:4,constructor
FNDA:7,onlyAdmin
FNDA:14,validContact
FNDA:7,validAge
FNDA:5,NewBank
FNDA:0,ViewBank
FNDA:0,BookSlot
FNDA:0,GrantRequest
FNDA:0,ReduceStock
FNDA:0,IncreaseStock
FNDA:5,RegisterDonor
FNDA:0,ViewDonor
FNDA:0,RequestBlood
FNDA:0,viewStock
DA:97,4
DA:102,7
DA:103,7
DA:107,5
DA:111,14
DA:112,14
DA:113,130
DA:114,130
DA:116,14
DA:117,12
DA:120,7
DA:121,7
DA:122,18
DA:123,18
DA:125,7
DA:126,5
DA:137,5
DA:138,3
DA:142,1
DA:143,1
DA:144,1
DA:145,1
DA:146,1
DA:147,1
DA:148,1
DA:149,1
DA:150,1
DA:151,1
DA:152,1
DA:170,0
DA:171,0
DA:188,0
DA:192,0
DA:193,0
DA:194,0
DA:200,0
DA:201,0
DA:202,0
DA:203,0
DA:211,0
DA:212,0
DA:220,0
DA:221,0
DA:236,5
DA:237,3
DA:238,1
DA:239,1
DA:240,1
DA:241,1
DA:242,1
DA:243,1
DA:244,1
DA:245,1
DA:246,1
DA:247,1
DA:248,1
DA:249,1
DA:250,1
DA:251,1
DA:252,1
DA:253,1
DA:274,0
DA:275,0
DA:296,0
DA:297,0
DA:298,0
DA:299,0
DA:304,0
DA:305,0
DA:306,0
DA:308,0
LF:71
LH:47
BRDA:103,1,0,5
BRDA:103,1,1,2
BRDA:116,2,0,12
BRDA:116,2,1,2
BRDA:125,3,0,5
BRDA:125,3,1,2
BRDA:137,4,0,3
BRDA:137,4,1,2
BRDA:138,5,0,1
BRDA:138,5,1,2
BRDA:188,6,0,0
BRDA:188,6,1,0
BRDA:201,7,0,0
BRDA:201,7,1,0
BRDA:236,8,0,3
BRDA:236,8,1,2
BRDA:237,9,0,1
BRDA:237,9,1,2
BRF:18
BRH:14
end_of_record
