TN:
SF:C:\Users\Acer\Desktop\Contract-1\contracts\Bloodbank.sol
FN:96,constructor
FN:101,onlyAdmin
FN:110,validContact
FN:119,validAge
FN:136,NewBank
FN:159,ViewBank
FN:185,BookSlot
FN:199,GrantRequest
FN:211,ReduceStock
FN:220,IncreaseStock
FN:236,RegisterDonor
FN:258,ViewDonor
FN:292,RequestBlood
FN:304,viewStock
FNF:14
FNH:9
FNDA:4,constructor
FNDA:12,onlyAdmin
FNDA:15,validContact
FNDA:8,validAge
FNDA:5,NewBank
FNDA:0,ViewBank
FNDA:3,BookSlot
FNDA:0,GrantRequest
FNDA:1,ReduceStock
FNDA:1,IncreaseStock
FNDA:6,RegisterDonor
FNDA:0,ViewDonor
FNDA:0,RequestBlood
FNDA:0,viewStock
DA:97,4
DA:102,12
DA:103,12
DA:107,10
DA:111,15
DA:112,15
DA:113,140
DA:114,140
DA:116,15
DA:117,13
DA:120,8
DA:121,8
DA:122,20
DA:123,20
DA:125,8
DA:126,6
DA:137,5
DA:138,3
DA:142,1
DA:143,1
DA:144,1
DA:145,1
DA:146,1
DA:147,1
DA:148,1
DA:149,1
DA:150,1
DA:151,1
DA:152,1
DA:170,0
DA:171,0
DA:188,3
DA:192,1
DA:193,1
DA:194,1
DA:195,1
DA:201,0
DA:202,0
DA:203,0
DA:204,0
DA:212,1
DA:213,1
DA:221,1
DA:222,1
DA:237,6
DA:238,4
DA:239,2
DA:240,2
DA:241,2
DA:242,2
DA:243,2
DA:244,2
DA:245,2
DA:246,2
DA:247,2
DA:248,2
DA:249,2
DA:250,2
DA:251,2
DA:252,2
DA:253,2
DA:254,2
DA:275,0
DA:276,0
DA:297,0
DA:298,0
DA:299,0
DA:300,0
DA:305,0
DA:306,0
DA:307,0
DA:309,0
LF:72
LH:56
BRDA:103,1,0,10
BRDA:103,1,1,2
BRDA:116,2,0,13
BRDA:116,2,1,2
BRDA:125,3,0,6
BRDA:125,3,1,2
BRDA:137,4,0,3
BRDA:137,4,1,2
BRDA:138,5,0,1
BRDA:138,5,1,2
BRDA:188,6,0,1
BRDA:188,6,1,2
BRDA:202,7,0,0
BRDA:202,7,1,0
BRDA:237,8,0,4
BRDA:237,8,1,2
BRDA:238,9,0,2
BRDA:238,9,1,2
BRF:18
BRH:16
end_of_record
